# JRE version: Java(TM) SE Runtime Environment (25.0.1+8) (build 25.0.1+8-LTS-27)
# Java VM: Java HotSpot(TM) 64-Bit Server VM (25.0.1+8-LTS-27, mixed mode, sharing, tiered, compressed oops, compressed class ptrs, g1 gc, windows-amd64)
GC Precious Log:
 CardTable entry size: 512
 Card Set container configuration: InlinePtr #cards 4 size 8 Array Of Cards #cards 16 size 48 Howl #buckets 8 coarsen threshold 3686 Howl Bitmap #cards 512 size 80 coarsen threshold 460 Card regions per heap region 1 cards per card region 4096
 CPUs: 12 total, 12 available
 Memory: 16162M
 Large Page Support: Disabled
 NUMA Support: Disabled
 Compressed Oops: Enabled (Zero based)
 Heap Region Size: 2M
 Heap Min Capacity: 8M
 Heap Initial Capacity: 254M
 Heap Max Capacity: 4042M
 Pre-touch: Disabled
 Parallel Workers: 10
 Concurrent Workers: 3
 Concurrent Refinement Workers: 10
 Periodic GC: Disabled
Heap:
 garbage-first heap   total reserved 4139008K, committed 188416K, used 87683K [0x0000000703600000, 0x0000000800000000)
  region size 2048K, 8 young (16384K), 3 survivors (6144K)
GC Heap Usage History (20 events):
Event: 5.836 {heap Before GC invocations=7 (full 0):
 garbage-first heap   total reserved 4139008K, committed 112640K, used 86643K [0x0000000703600000, 0x0000000800000000)
  region size 2048K, 30 young (61440K), 4 survivors (8192K)
}
Event: 5.845 {heap After GC invocations=8 (full 0):
 garbage-first heap   total reserved 4139008K, committed 112640K, used 33570K [0x0000000703600000, 0x0000000800000000)
  region size 2048K, 2 young (4096K), 2 survivors (4096K)
}
Event: 6.303 {heap Before GC invocations=8 (full 0):
 garbage-first heap   total reserved 4139008K, committed 112640K, used 90914K [0x0000000703600000, 0x0000000800000000)
  region size 2048K, 30 young (61440K), 2 survivors (4096K)
}
Event: 6.310 {heap After GC invocations=9 (full 0):
 garbage-first heap   total reserved 4139008K, committed 139264K, used 33570K [0x0000000703600000, 0x0000000800000000)
  region size 2048K, 2 young (4096K), 2 survivors (4096K)
}
Event: 7.025 {heap Before GC invocations=9 (full 0):
 garbage-first heap   total reserved 4139008K, committed 139264K, used 99106K [0x0000000703600000, 0x0000000800000000)
  region size 2048K, 35 young (71680K), 2 survivors (4096K)
}
Event: 7.032 {heap After GC invocations=10 (full 0):
 garbage-first heap   total reserved 4139008K, committed 139264K, used 34889K [0x0000000703600000, 0x0000000800000000)
  region size 2048K, 3 young (6144K), 3 survivors (6144K)
}
Event: 7.854 {heap Before GC invocations=11 (full 0):
 garbage-first heap   total reserved 4139008K, committed 131072K, used 106569K [0x0000000703600000, 0x0000000800000000)
  region size 2048K, 38 young (77824K), 3 survivors (6144K)
}
Event: 7.860 {heap After GC invocations=12 (full 0):
 garbage-first heap   total reserved 4139008K, committed 131072K, used 32808K [0x0000000703600000, 0x0000000800000000)
  region size 2048K, 2 young (4096K), 2 survivors (4096K)
}
Event: 10.132 {heap Before GC invocations=12 (full 0):
 garbage-first heap   total reserved 4139008K, committed 131072K, used 127016K [0x0000000703600000, 0x0000000800000000)
  region size 2048K, 28 young (57344K), 2 survivors (4096K)
}
Event: 10.154 {heap After GC invocations=13 (full 0):
 garbage-first heap   total reserved 4139008K, committed 145408K, used 51773K [0x0000000703600000, 0x0000000800000000)
  region size 2048K, 5 young (10240K), 5 survivors (10240K)
}
Event: 11.405 {heap Before GC invocations=13 (full 0):
 garbage-first heap   total reserved 4139008K, committed 145408K, used 123453K [0x0000000703600000, 0x0000000800000000)
  region size 2048K, 40 young (81920K), 5 survivors (10240K)
}
Event: 11.447 {heap After GC invocations=14 (full 0):
 garbage-first heap   total reserved 4139008K, committed 155648K, used 71762K [0x0000000703600000, 0x0000000800000000)
  region size 2048K, 5 young (10240K), 5 survivors (10240K)
}
Event: 12.449 {heap Before GC invocations=14 (full 0):
 garbage-first heap   total reserved 4139008K, committed 155648K, used 125010K [0x0000000703600000, 0x0000000800000000)
  region size 2048K, 31 young (63488K), 5 survivors (10240K)
}
Event: 12.475 {heap After GC invocations=15 (full 0):
 garbage-first heap   total reserved 4139008K, committed 155648K, used 78849K [0x0000000703600000, 0x0000000800000000)
  region size 2048K, 4 young (8192K), 4 survivors (8192K)
}
Event: 13.139 {heap Before GC invocations=15 (full 0):
 garbage-first heap   total reserved 4139008K, committed 155648K, used 128001K [0x0000000703600000, 0x0000000800000000)
  region size 2048K, 28 young (57344K), 4 survivors (8192K)
}
Event: 13.160 {heap After GC invocations=16 (full 0):
 garbage-first heap   total reserved 4139008K, committed 155648K, used 81423K [0x0000000703600000, 0x0000000800000000)
  region size 2048K, 2 young (4096K), 2 survivors (4096K)
}
Event: 14.067 {heap Before GC invocations=17 (full 0):
 garbage-first heap   total reserved 4139008K, committed 155648K, used 128527K [0x0000000703600000, 0x0000000800000000)
  region size 2048K, 27 young (55296K), 2 survivors (4096K)
}
Event: 14.078 {heap After GC invocations=18 (full 0):
 garbage-first heap   total reserved 4139008K, committed 155648K, used 78294K [0x0000000703600000, 0x0000000800000000)
  region size 2048K, 2 young (4096K), 2 survivors (4096K)
}
Event: 14.913 {heap Before GC invocations=18 (full 0):
 garbage-first heap   total reserved 4139008K, committed 155648K, used 135638K [0x0000000703600000, 0x0000000800000000)
  region size 2048K, 30 young (61440K), 2 survivors (4096K)
}
Event: 14.926 {heap After GC invocations=19 (full 0):
 garbage-first heap   total reserved 4139008K, committed 188416K, used 79491K [0x0000000703600000, 0x0000000800000000)
  region size 2048K, 3 young (6144K), 3 survivors (6144K)
}

