# JRE version: Java(TM) SE Runtime Environment (25.0.1+8) (build 25.0.1+8-LTS-27)
# Java VM: Java HotSpot(TM) 64-Bit Server VM (25.0.1+8-LTS-27, mixed mode, sharing, tiered, compressed oops, compressed class ptrs, g1 gc, windows-amd64)
GC Precious Log:
 CardTable entry size: 512
 Card Set container configuration: InlinePtr #cards 4 size 8 Array Of Cards #cards 16 size 48 Howl #buckets 8 coarsen threshold 3686 Howl Bitmap #cards 512 size 80 coarsen threshold 460 Card regions per heap region 1 cards per card region 4096
 CPUs: 12 total, 12 available
 Memory: 16162M
 Large Page Support: Disabled
 NUMA Support: Disabled
 Compressed Oops: Enabled (Zero based)
 Heap Region Size: 2M
 Heap Min Capacity: 8M
 Heap Initial Capacity: 254M
 Heap Max Capacity: 4042M
 Pre-touch: Disabled
 Parallel Workers: 10
 Concurrent Workers: 3
 Concurrent Refinement Workers: 10
 Periodic GC: Disabled
Heap:
 garbage-first heap   total reserved 4139008K, committed 184320K, used 132644K [0x0000000703600000, 0x0000000800000000)
  region size 2048K, 29 young (59392K), 2 survivors (4096K)
GC Heap Usage History (20 events):
Event: 6.552 {heap Before GC invocations=6 (full 0):
 garbage-first heap   total reserved 4139008K, committed 112640K, used 85482K [0x0000000703600000, 0x0000000800000000)
  region size 2048K, 30 young (61440K), 3 survivors (6144K)
}
Event: 6.565 {heap After GC invocations=7 (full 0):
 garbage-first heap   total reserved 4139008K, committed 112640K, used 34324K [0x0000000703600000, 0x0000000800000000)
  region size 2048K, 3 young (6144K), 3 survivors (6144K)
}
Event: 6.964 {heap Before GC invocations=7 (full 0):
 garbage-first heap   total reserved 4139008K, committed 112640K, used 87572K [0x0000000703600000, 0x0000000800000000)
  region size 2048K, 29 young (59392K), 3 survivors (6144K)
}
Event: 6.971 {heap After GC invocations=8 (full 0):
 garbage-first heap   total reserved 4139008K, committed 112640K, used 33735K [0x0000000703600000, 0x0000000800000000)
  region size 2048K, 2 young (4096K), 2 survivors (4096K)
}
Event: 7.303 {heap Before GC invocations=8 (full 0):
 garbage-first heap   total reserved 4139008K, committed 112640K, used 91079K [0x0000000703600000, 0x0000000800000000)
  region size 2048K, 30 young (61440K), 2 survivors (4096K)
}
Event: 7.308 {heap After GC invocations=9 (full 0):
 garbage-first heap   total reserved 4139008K, committed 137216K, used 33735K [0x0000000703600000, 0x0000000800000000)
  region size 2048K, 2 young (4096K), 2 survivors (4096K)
}
Event: 7.857 {heap Before GC invocations=9 (full 0):
 garbage-first heap   total reserved 4139008K, committed 137216K, used 111559K [0x0000000703600000, 0x0000000800000000)
  region size 2048K, 40 young (81920K), 2 survivors (4096K)
}
Event: 7.862 {heap After GC invocations=10 (full 0):
 garbage-first heap   total reserved 4139008K, committed 137216K, used 34492K [0x0000000703600000, 0x0000000800000000)
  region size 2048K, 3 young (6144K), 3 survivors (6144K)
}
Event: 7.865 {heap Before GC invocations=10 (full 0):
 garbage-first heap   total reserved 4139008K, committed 137216K, used 34492K [0x0000000703600000, 0x0000000800000000)
  region size 2048K, 4 young (8192K), 3 survivors (6144K)
}
Event: 7.871 {heap After GC invocations=11 (full 0):
 garbage-first heap   total reserved 4139008K, committed 137216K, used 34577K [0x0000000703600000, 0x0000000800000000)
  region size 2048K, 3 young (6144K), 3 survivors (6144K)
}
Event: 8.477 {heap Before GC invocations=12 (full 0):
 garbage-first heap   total reserved 4139008K, committed 131072K, used 106257K [0x0000000703600000, 0x0000000800000000)
  region size 2048K, 38 young (77824K), 3 survivors (6144K)
}
Event: 8.483 {heap After GC invocations=13 (full 0):
 garbage-first heap   total reserved 4139008K, committed 131072K, used 36362K [0x0000000703600000, 0x0000000800000000)
  region size 2048K, 4 young (8192K), 4 survivors (8192K)
}
Event: 9.640 {heap Before GC invocations=13 (full 0):
 garbage-first heap   total reserved 4139008K, committed 131072K, used 124426K [0x0000000703600000, 0x0000000800000000)
  region size 2048K, 28 young (57344K), 4 survivors (8192K)
}
Event: 9.648 {heap After GC invocations=14 (full 0):
 garbage-first heap   total reserved 4139008K, committed 137216K, used 43890K [0x0000000703600000, 0x0000000800000000)
  region size 2048K, 2 young (4096K), 2 survivors (4096K)
}
Event: 10.606 {heap Before GC invocations=14 (full 0):
 garbage-first heap   total reserved 4139008K, committed 137216K, used 119666K [0x0000000703600000, 0x0000000800000000)
  region size 2048K, 40 young (81920K), 2 survivors (4096K)
}
Event: 10.632 {heap After GC invocations=15 (full 0):
 garbage-first heap   total reserved 4139008K, committed 153600K, used 66471K [0x0000000703600000, 0x0000000800000000)
  region size 2048K, 5 young (10240K), 5 survivors (10240K)
}
Event: 11.321 {heap Before GC invocations=15 (full 0):
 garbage-first heap   total reserved 4139008K, committed 153600K, used 127911K [0x0000000703600000, 0x0000000800000000)
  region size 2048K, 35 young (71680K), 5 survivors (10240K)
}
Event: 11.348 {heap After GC invocations=16 (full 0):
 garbage-first heap   total reserved 4139008K, committed 184320K, used 76169K [0x0000000703600000, 0x0000000800000000)
  region size 2048K, 5 young (10240K), 5 survivors (10240K)
}
Event: 11.782 {heap Before GC invocations=16 (full 0):
 garbage-first heap   total reserved 4139008K, committed 184320K, used 147849K [0x0000000703600000, 0x0000000800000000)
  region size 2048K, 40 young (81920K), 5 survivors (10240K)
}
Event: 11.795 {heap After GC invocations=17 (full 0):
 garbage-first heap   total reserved 4139008K, committed 184320K, used 79396K [0x0000000703600000, 0x0000000800000000)
  region size 2048K, 2 young (4096K), 2 survivors (4096K)
}

