# JRE version: Java(TM) SE Runtime Environment (25.0.1+8) (build 25.0.1+8-LTS-27)
# Java VM: Java HotSpot(TM) 64-Bit Server VM (25.0.1+8-LTS-27, mixed mode, sharing, tiered, compressed oops, compressed class ptrs, g1 gc, windows-amd64)
GC Precious Log:
 CardTable entry size: 512
 Card Set container configuration: InlinePtr #cards 5 size 8 Array Of Cards #cards 10 size 36 Howl #buckets 4 coarsen threshold 1843 Howl Bitmap #cards 512 size 80 coarsen threshold 460 Card regions per heap region 1 cards per card region 2048
 CPUs: 12 total, 12 available
 Memory: 16162M
 Large Page Support: Disabled
 NUMA Support: Disabled
 Compressed Oops: Enabled (32-bit)
 Heap Region Size: 1M
 Heap Min Capacity: 8M
 Heap Initial Capacity: 128M
 Heap Max Capacity: 128M
 Pre-touch: Disabled
 Parallel Workers: 10
 Concurrent Workers: 3
 Concurrent Refinement Workers: 10
 Periodic GC: Disabled
Heap:
 garbage-first heap   total reserved 131072K, committed 131072K, used 103748K [0x00000000f8000000, 0x0000000100000000)
  region size 1024K, 30 young (30720K), 5 survivors (5120K)
GC Heap Usage History (20 events):
Event: 7.752 {heap Before GC invocations=13 (full 0):
 garbage-first heap   total reserved 131072K, committed 92160K, used 63648K [0x00000000f8000000, 0x0000000100000000)
  region size 1024K, 31 young (31744K), 1 survivors (1024K)
}
Event: 7.756 {heap After GC invocations=14 (full 0):
 garbage-first heap   total reserved 131072K, committed 92160K, used 35026K [0x00000000f8000000, 0x0000000100000000)
  region size 1024K, 2 young (2048K), 2 survivors (2048K)
}
Event: 8.295 {heap Before GC invocations=15 (full 0):
 garbage-first heap   total reserved 131072K, committed 92160K, used 84178K [0x00000000f8000000, 0x0000000100000000)
  region size 1024K, 50 young (51200K), 2 survivors (2048K)
}
Event: 8.300 {heap After GC invocations=16 (full 0):
 garbage-first heap   total reserved 131072K, committed 92160K, used 36238K [0x00000000f8000000, 0x0000000100000000)
  region size 1024K, 3 young (3072K), 3 survivors (3072K)
}
Event: 8.896 {heap Before GC invocations=16 (full 0):
 garbage-first heap   total reserved 131072K, committed 116736K, used 115086K [0x00000000f8000000, 0x0000000100000000)
  region size 1024K, 46 young (47104K), 3 survivors (3072K)
}
Event: 8.904 {heap After GC invocations=17 (full 0):
 garbage-first heap   total reserved 131072K, committed 119808K, used 35575K [0x00000000f8000000, 0x0000000100000000)
  region size 1024K, 3 young (3072K), 3 survivors (3072K)
}
Event: 10.381 {heap Before GC invocations=17 (full 0):
 garbage-first heap   total reserved 131072K, committed 119808K, used 112375K [0x00000000f8000000, 0x0000000100000000)
  region size 1024K, 70 young (71680K), 3 survivors (3072K)
}
Event: 10.413 {heap After GC invocations=18 (full 0):
 garbage-first heap   total reserved 131072K, committed 131072K, used 96256K [0x00000000f8000000, 0x0000000100000000)
  region size 1024K, 9 young (9216K), 9 survivors (9216K)
}
Event: 10.645 {heap Before GC invocations=18 (full 0):
 garbage-first heap   total reserved 131072K, committed 131072K, used 115712K [0x00000000f8000000, 0x0000000100000000)
  region size 1024K, 29 young (29696K), 9 survivors (9216K)
}
Event: 10.665 {heap After GC invocations=19 (full 0):
 garbage-first heap   total reserved 131072K, committed 131072K, used 77312K [0x00000000f8000000, 0x0000000100000000)
  region size 1024K, 3 young (3072K), 3 survivors (3072K)
}
Event: 11.197 {heap Before GC invocations=20 (full 0):
 garbage-first heap   total reserved 131072K, committed 131072K, used 115200K [0x00000000f8000000, 0x0000000100000000)
  region size 1024K, 39 young (39936K), 3 survivors (3072K)
}
Event: 11.211 {heap After GC invocations=21 (full 0):
 garbage-first heap   total reserved 131072K, committed 131072K, used 72192K [0x00000000f8000000, 0x0000000100000000)
  region size 1024K, 5 young (5120K), 5 survivors (5120K)
}
Event: 11.518 {heap Before GC invocations=21 (full 0):
 garbage-first heap   total reserved 131072K, committed 131072K, used 110080K [0x00000000f8000000, 0x0000000100000000)
  region size 1024K, 42 young (43008K), 5 survivors (5120K)
}
Event: 11.534 {heap After GC invocations=22 (full 0):
 garbage-first heap   total reserved 131072K, committed 131072K, used 76415K [0x00000000f8000000, 0x0000000100000000)
  region size 1024K, 4 young (4096K), 4 survivors (4096K)
}
Event: 11.865 {heap Before GC invocations=22 (full 0):
 garbage-first heap   total reserved 131072K, committed 131072K, used 113279K [0x00000000f8000000, 0x0000000100000000)
  region size 1024K, 40 young (40960K), 4 survivors (4096K)
}
Event: 11.877 {heap After GC invocations=23 (full 0):
 garbage-first heap   total reserved 131072K, committed 131072K, used 79372K [0x00000000f8000000, 0x0000000100000000)
  region size 1024K, 3 young (3072K), 3 survivors (3072K)
}
Event: 12.048 {heap Before GC invocations=24 (full 0):
 garbage-first heap   total reserved 131072K, committed 131072K, used 116236K [0x00000000f8000000, 0x0000000100000000)
  region size 1024K, 39 young (39936K), 3 survivors (3072K)
}
Event: 12.054 {heap After GC invocations=25 (full 0):
 garbage-first heap   total reserved 131072K, committed 131072K, used 79320K [0x00000000f8000000, 0x0000000100000000)
  region size 1024K, 3 young (3072K), 3 survivors (3072K)
}
Event: 13.758 {heap Before GC invocations=25 (full 0):
 garbage-first heap   total reserved 131072K, committed 131072K, used 117208K [0x00000000f8000000, 0x0000000100000000)
  region size 1024K, 40 young (40960K), 3 survivors (3072K)
}
Event: 13.767 {heap After GC invocations=26 (full 0):
 garbage-first heap   total reserved 131072K, committed 131072K, used 79172K [0x00000000f8000000, 0x0000000100000000)
  region size 1024K, 5 young (5120K), 5 survivors (5120K)
}

